<?xml version="1.0" encoding="UTF-8"?>
<!-- Generated by org.testng.reporters.JUnitReportReporter -->
<testsuite hostname="chef" name="com.testNG.DemoTestNG.DemoTestNGTest" tests="1" failures="0" timestamp="13 Nov 2016 01:08:52 GMT" time="39.022" errors="0">
  <testcase name="gmailLogin" time="39.022" classname="com.testNG.DemoTestNG.DemoTestNGTest"/>
</testsuite>
