<?xml version="1.0" encoding="UTF-8"?>
<!-- Generated by org.testng.reporters.JUnitReportReporter -->
<testsuite hostname="STUDENT10" name="com.testNG.DemoTestNG.DemoTestNGTest" tests="1" failures="0" timestamp="11 Nov 2016 15:52:52 GMT" time="6.258" errors="0">
  <testcase name="gmailLogin" time="6.258" classname="com.testNG.DemoTestNG.DemoTestNGTest"/>
</testsuite> <!-- com.testNG.DemoTestNG.DemoTestNGTest -->
