<?xml version="1.0" encoding="UTF-8"?>
<!-- Generated by org.testng.reporters.JUnitReportReporter -->
<testsuite hostname="chef" name="com.testNG.DemoTestNG.DemoTestNGTest" tests="1" failures="0" timestamp="12 Nov 2016 18:55:26 GMT" time="21.402" errors="0">
  <testcase name="gmailLogin" time="21.402" classname="com.testNG.DemoTestNG.DemoTestNGTest"/>
</testsuite> <!-- com.testNG.DemoTestNG.DemoTestNGTest -->
